<?xml version="1.0" encoding="UTF-8"?>
<!-- Generated by org.testng.reporters.JUnitXMLReporter -->
<testsuite ignored="0" hostname="LP-5CG1225D68" failures="0" tests="3" name="sample2" time="0.023" errors="0" timestamp="2021-07-13T20:42:49 IST">
  <testcase classname="NewTest1" name="browser_to_be_opened_chrome" time="0.002"/>
  <testcase classname="NewTest1" name="appln_open_the_login_page" time="0.002"/>
  <testcase classname="NewTest1" name="close" time="0.01"/>
</testsuite> <!-- sample2 -->
