<?xml version="1.0" encoding="UTF-8"?>
<!-- Generated by org.testng.reporters.JUnitXMLReporter -->
<testsuite ignored="2" hostname="LP-5CG1225D68" failures="0" tests="2" name="test1-Groups" time="0.047" errors="0" timestamp="2021-07-14T10:32:58 IST">
  <testcase classname="SampleGroups" name="fourth" time="0.008"/>
  <testcase classname="SampleGroups" name="second" time="0.001"/>
  <testcase classname="SampleGroups" name="third" time="0.0">
    <ignored/>
  </testcase> <!-- third -->
  <testcase classname="SampleGroups" name="first" time="0.0">
    <ignored/>
  </testcase> <!-- first -->
</testsuite> <!-- test1-Groups -->
