<?xml version="1.0" encoding="UTF-8"?>
<!-- Generated by org.testng.reporters.JUnitXMLReporter -->
<testsuite ignored="0" hostname="LP-5CG1225D68" failures="0" tests="4" name="Test1" time="0.059" errors="0" timestamp="2021-07-14T20:48:02 IST">
  <testcase classname="SecondTest" name="divTest" time="0.013"/>
  <testcase classname="FirstTest" name="add1Test" time="0.013"/>
  <testcase classname="SecondTest" name="mulTest" time="0.002"/>
  <testcase classname="FirstTest" name="sub1Test" time="0.002"/>
</testsuite> <!-- Test1 -->
